<?xml version="1.0" encoding="UTF-8" ?>
<testsuite tests="3" failures="1" name="com.schibsted.metricsaws.TestExceptionHandler" time="0.034" errors="0" skipped="0">
  <properties>
[...]
</properties>
  <testcase classname="com.schibsted.metricsaws.TestExceptionHandler" name="shouldIncrementMetricForClientException" time="0.023"/>
  <testcase classname="com.schibsted.metricsaws.TestExceptionHandler" name="shouldIncrementMetricForServerException" time="0.011">
    <failure message="
Argument(s) are different! Wanted:
metricsContext.incrementCounter(
    &quot;sendMessage.serviceError[type: InvalidIdFormatException]&quot;
);
-&gt; at com.schibsted.metricsaws.TestExceptionHandler.shouldIncrementMetricForServerException(TestExceptionHandler.java:43)
Actual invocation has different arguments:
metricsContext.incrementCounter(
    &quot;sendMessage.serviceError[type: InvalidIdFormatException, status: 0, errorCode:null]&quot;
);
-&gt; at com.schibsted.metricsaws.ExceptionHandler.onException(ExceptionHandler.java:17)
" type="Argument(s) are different! Wanted">Argument(s) are different! Wanted:
metricsContext.incrementCounter(
    &quot;sendMessage.serviceError[type: InvalidIdFormatException]&quot;
);
-&gt; at com.schibsted.metricsaws.TestExceptionHandler.shouldIncrementMetricForServerException(TestExceptionHandler.java:43)
Actual invocation has different arguments:
metricsContext.incrementCounter(
    &quot;sendMessage.serviceError[type: InvalidIdFormatException, status: 0, errorCode:null]&quot;
);
-&gt; at com.schibsted.metricsaws.ExceptionHandler.onException(ExceptionHandler.java:17)

	at sun.reflect.NativeConstructorAccessorImpl.newInstance0(Native Method)
	at sun.reflect.NativeConstructorAccessorImpl.newInstance(NativeConstructorAccessorImpl.java:62)
	at sun.reflect.DelegatingConstructorAccessorImpl.newInstance(DelegatingConstructorAccessorImpl.java:45)
	at java.lang.reflect.Constructor.newInstance(Constructor.java:408)
	at com.schibsted.metricsaws.TestExceptionHandler.shouldIncrementMetricForServerException(TestExceptionHandler.java:43)
	at sun.reflect.NativeMethodAccessorImpl.invoke0(Native Method)
	at sun.reflect.NativeMethodAccessorImpl.invoke(NativeMethodAccessorImpl.java:62)
	at sun.reflect.DelegatingMethodAccessorImpl.invoke(DelegatingMethodAccessorImpl.java:43)
	at java.lang.reflect.Method.invoke(Method.java:483)
	at org.junit.runners.model.FrameworkMethod$1.runReflectiveCall(FrameworkMethod.java:50)
	at org.junit.internal.runners.model.ReflectiveCallable.run(ReflectiveCallable.java:12)
	at org.junit.runners.model.FrameworkMethod.invokeExplosively(FrameworkMethod.java:47)
	at org.junit.internal.runners.statements.InvokeMethod.evaluate(InvokeMethod.java:17)
	at org.junit.runners.ParentRunner.runLeaf(ParentRunner.java:325)
	at org.junit.runners.BlockJUnit4ClassRunner.runChild(BlockJUnit4ClassRunner.java:78)
	at org.junit.runners.BlockJUnit4ClassRunner.runChild(BlockJUnit4ClassRunner.java:57)
	at org.junit.runners.ParentRunner$3.run(ParentRunner.java:290)
	at org.junit.runners.ParentRunner$1.schedule(ParentRunner.java:71)
	at org.junit.runners.ParentRunner.runChildren(ParentRunner.java:288)
	at org.junit.runners.ParentRunner.access$000(ParentRunner.java:58)
	at org.junit.runners.ParentRunner$2.evaluate(ParentRunner.java:268)
	at org.junit.runners.ParentRunner.run(ParentRunner.java:363)
	at org.mockito.internal.runners.JUnit45AndHigherRunnerImpl.run(JUnit45AndHigherRunnerImpl.java:37)
	at org.mockito.runners.MockitoJUnitRunner.run(MockitoJUnitRunner.java:62)
	at org.apache.maven.surefire.junit4.JUnit4Provider.execute(JUnit4Provider.java:252)
	at org.apache.maven.surefire.junit4.JUnit4Provider.executeTestSet(JUnit4Provider.java:141)
	at org.apache.maven.surefire.junit4.JUnit4Provider.invoke(JUnit4Provider.java:112)
	at sun.reflect.NativeMethodAccessorImpl.invoke0(Native Method)
	at sun.reflect.NativeMethodAccessorImpl.invoke(NativeMethodAccessorImpl.java:62)
	at sun.reflect.DelegatingMethodAccessorImpl.invoke(DelegatingMethodAccessorImpl.java:43)
	at java.lang.reflect.Method.invoke(Method.java:483)
	at org.apache.maven.surefire.util.ReflectionUtils.invokeMethodWithArray(ReflectionUtils.java:189)
	at org.apache.maven.surefire.booter.ProviderFactory$ProviderProxy.invoke(ProviderFactory.java:165)
	at org.apache.maven.surefire.booter.ProviderFactory.invokeProvider(ProviderFactory.java:85)
	at org.apache.maven.surefire.booter.ForkedBooter.runSuitesInProcess(ForkedBooter.java:115)
	at org.apache.maven.surefire.booter.ForkedBooter.main(ForkedBooter.java:75)
</failure>
  </testcase>
  <testcase classname="com.schibsted.metricsaws.TestExceptionHandler" name="shouldIncrementMetricForOtherException" time="0"/>
</testsuite>